<?xml version="1.0" encoding="UTF-8"?>
<!-- Generated by org.testng.reporters.JUnitXMLReporter -->
<testsuite hostname="Aams-MacBook-Pro-2.local" name="Default test" tests="6" failures="0" timestamp="22 May 2016 21:55:11 GMT" time="59.806" errors="0">
  <testcase name="Verifyemail" time="14.839" classname="com.kaplan.Test.VerifyTest"/>
  <testcase name="Homepage" time="1.236" classname="com.kaplan.Test.GmailLoginTest"/>
  <testcase name="Login" time="10.389" classname="com.kaplan.Test.GmailLoginTest"/>
  <testcase name="testarray" time="7.744" classname="com.kaplan.Test.ParameterizeTest"/>
  <testcase name="testarray" time="6.165" classname="com.kaplan.Test.ParameterizeTest"/>
  <testcase name="testexel" time="5.482" classname="com.kaplan.Test.ParameterizeTest"/>
</testsuite> <!-- Default test -->
