<?xml version="1.0" encoding="UTF-8"?>
<!-- Generated by org.testng.reporters.JUnitXMLReporter -->
<testsuite hostname="Aams-MacBook-Pro-2.local" name="Command line test" tests="15" failures="0" timestamp="22 May 2016 16:45:08 GMT" time="90.888" errors="0">
  <testcase name="Homepage" time="1.056" classname="com.kaplan.Test.GmailLoginTest"/>
  <testcase name="Login" time="6.287" classname="com.kaplan.Test.GmailLoginTest"/>
  <testcase name="testarray" time="3.889" classname="com.kaplan.Test.ParameterizeTest"/>
  <testcase name="testarray" time="4.324" classname="com.kaplan.Test.ParameterizeTest"/>
  <testcase name="testarray" time="3.92" classname="com.kaplan.Test.ParameterizeTest"/>
  <testcase name="testexel" time="3.885" classname="com.kaplan.Test.ParameterizeTest"/>
  <testcase name="testexel" time="4.075" classname="com.kaplan.Test.ParameterizeTest"/>
  <testcase name="testexel" time="3.897" classname="com.kaplan.Test.ParameterizeTest"/>
  <testcase name="testexel" time="4.008" classname="com.kaplan.Test.ParameterizeTest"/>
  <testcase name="testexel" time="4.125" classname="com.kaplan.Test.ParameterizeTest"/>
  <testcase name="testexel" time="4.404" classname="com.kaplan.Test.ParameterizeTest"/>
  <testcase name="testexel" time="3.643" classname="com.kaplan.Test.ParameterizeTest"/>
  <testcase name="testexel" time="3.661" classname="com.kaplan.Test.ParameterizeTest"/>
  <testcase name="testexel" time="3.691" classname="com.kaplan.Test.ParameterizeTest"/>
  <testcase name="Verifyemail" time="5.269" classname="com.kaplan.Test.VerifyTest"/>
</testsuite> <!-- Command line test -->
