<?xml version="1.0" encoding="UTF-8"?>
<!-- Generated by org.testng.reporters.JUnitXMLReporter -->
<testsuite hostname="Aams-MacBook-Pro-2.local" name="Command line test" tests="6" failures="0" timestamp="22 May 2016 18:23:29 GMT" time="36.497" errors="0">
  <testcase name="Homepage" time="0.863" classname="com.kaplan.Test.GmailLoginTest"/>
  <testcase name="Login" time="5.603" classname="com.kaplan.Test.GmailLoginTest"/>
  <testcase name="testarray" time="3.905" classname="com.kaplan.Test.ParameterizeTest"/>
  <testcase name="testarray" time="3.689" classname="com.kaplan.Test.ParameterizeTest"/>
  <testcase name="testexel" time="4.147" classname="com.kaplan.Test.ParameterizeTest"/>
  <testcase name="Verifyemail" time="5.362" classname="com.kaplan.Test.VerifyTest"/>
</testsuite> <!-- Command line test -->
