<?xml version="1.0" encoding="UTF-8"?>
<testng-results skipped="2" failed="0" total="2" passed="0">
  <reporter-output>
  </reporter-output>
  <suite name="Default suite" duration-ms="970" started-at="2016-05-22T21:50:08Z" finished-at="2016-05-22T21:50:09Z">
    <groups>
    </groups>
    <test name="Default test" duration-ms="970" started-at="2016-05-22T21:50:08Z" finished-at="2016-05-22T21:50:09Z">
      <class name="com.kaplan.Test.GmailLoginTest">
        <test-method status="FAIL" signature="setup()[pri:0, instance:com.kaplan.Test.GmailLoginTest@4cf777e8]" name="setup" is-config="true" duration-ms="0" started-at="2016-05-22T17:50:08Z" finished-at="2016-05-22T17:50:08Z">
          <exception class="atu.testrecorder.exceptions.ATUTestRecorderException">
            <full-stacktrace>
              <![CDATA[[ATU Test Recorder Exception] Directory "Users/wasey/Documents/DevTools/InterviewPrep/KaplanTestPrep/Testvideooutput" does not exist.
	at atu.testrecorder.ATUTestRecorder.<init>(ATUTestRecorder.java:184)
	at com.kaplan.pomframework.ScriptBase.setup(ScriptBase.java:37)
	at sun.reflect.NativeMethodAccessorImpl.invoke0(Native Method)
	at sun.reflect.NativeMethodAccessorImpl.invoke(NativeMethodAccessorImpl.java:62)
	at sun.reflect.DelegatingMethodAccessorImpl.invoke(DelegatingMethodAccessorImpl.java:43)
	at java.lang.reflect.Method.invoke(Method.java:498)
	at org.testng.internal.MethodInvocationHelper.invokeMethod(MethodInvocationHelper.java:86)
	at org.testng.internal.Invoker.invokeConfigurationMethod(Invoker.java:514)
	at org.testng.internal.Invoker.invokeConfigurations(Invoker.java:215)
	at org.testng.internal.Invoker.invokeConfigurations(Invoker.java:142)
	at org.testng.TestRunner.beforeRun(TestRunner.java:656)
	at org.testng.TestRunner.run(TestRunner.java:624)
	at org.testng.SuiteRunner.runTest(SuiteRunner.java:366)
	at org.testng.SuiteRunner.runSequentially(SuiteRunner.java:361)
	at org.testng.SuiteRunner.privateRun(SuiteRunner.java:319)
	at org.testng.SuiteRunner.run(SuiteRunner.java:268)
	at org.testng.SuiteRunnerWorker.runSuite(SuiteRunnerWorker.java:52)
	at org.testng.SuiteRunnerWorker.run(SuiteRunnerWorker.java:86)
	at org.testng.TestNG.runSuitesSequentially(TestNG.java:1244)
	at org.testng.TestNG.runSuitesLocally(TestNG.java:1169)
	at org.testng.TestNG.run(TestNG.java:1064)
	at org.testng.remote.AbstractRemoteTestNG.run(AbstractRemoteTestNG.java:126)
	at org.testng.remote.RemoteTestNG.initAndRun(RemoteTestNG.java:137)
	at org.testng.remote.RemoteTestNG.main(RemoteTestNG.java:58)
]]>
            </full-stacktrace>
          </exception> <!-- atu.testrecorder.exceptions.ATUTestRecorderException -->
          <reporter-output>
          </reporter-output>
        </test-method> <!-- setup -->
        <test-method status="SKIP" signature="before()[pri:0, instance:com.kaplan.Test.GmailLoginTest@4cf777e8]" name="before" is-config="true" duration-ms="0" started-at="2016-05-22T17:50:09Z" finished-at="2016-05-22T17:50:09Z">
          <reporter-output>
          </reporter-output>
        </test-method> <!-- before -->
        <test-method status="SKIP" signature="Homepage()[pri:0, instance:com.kaplan.Test.GmailLoginTest@4cf777e8]" name="Homepage" duration-ms="1" started-at="2016-05-22T17:50:09Z" finished-at="2016-05-22T17:50:09Z">
          <reporter-output>
          </reporter-output>
        </test-method> <!-- Homepage -->
        <test-method status="SKIP" signature="afterMethods()[pri:0, instance:com.kaplan.Test.GmailLoginTest@4cf777e8]" name="afterMethods" is-config="true" duration-ms="0" started-at="2016-05-22T17:50:09Z" finished-at="2016-05-22T17:50:09Z">
          <reporter-output>
          </reporter-output>
        </test-method> <!-- afterMethods -->
        <test-method status="SKIP" signature="before()[pri:0, instance:com.kaplan.Test.GmailLoginTest@4cf777e8]" name="before" is-config="true" duration-ms="0" started-at="2016-05-22T17:50:09Z" finished-at="2016-05-22T17:50:09Z">
          <reporter-output>
          </reporter-output>
        </test-method> <!-- before -->
        <test-method status="SKIP" signature="Login()[pri:0, instance:com.kaplan.Test.GmailLoginTest@4cf777e8]" name="Login" duration-ms="1" started-at="2016-05-22T17:50:09Z" finished-at="2016-05-22T17:50:09Z">
          <reporter-output>
          </reporter-output>
        </test-method> <!-- Login -->
        <test-method status="SKIP" signature="afterMethods()[pri:0, instance:com.kaplan.Test.GmailLoginTest@4cf777e8]" name="afterMethods" is-config="true" duration-ms="0" started-at="2016-05-22T17:50:09Z" finished-at="2016-05-22T17:50:09Z">
          <reporter-output>
          </reporter-output>
        </test-method> <!-- afterMethods -->
        <test-method status="SKIP" signature="Close()[pri:0, instance:com.kaplan.Test.GmailLoginTest@4cf777e8]" name="Close" is-config="true" duration-ms="0" started-at="2016-05-22T17:50:09Z" finished-at="2016-05-22T17:50:09Z">
          <reporter-output>
          </reporter-output>
        </test-method> <!-- Close -->
      </class> <!-- com.kaplan.Test.GmailLoginTest -->
    </test> <!-- Default test -->
  </suite> <!-- Default suite -->
</testng-results>
