<?xml version="1.0" encoding="UTF-8"?>
<!-- Generated by org.testng.reporters.JUnitXMLReporter -->
<testsuite hostname="Aams-MacBook-Pro-2.local" name="Command line test" tests="3" failures="0" timestamp="22 May 2016 21:53:47 GMT" time="25.721" errors="0">
  <testcase name="testarray" time="6.492" classname="com.kaplan.Test.ParameterizeTest"/>
  <testcase name="testarray" time="6.616" classname="com.kaplan.Test.ParameterizeTest"/>
  <testcase name="testexel" time="6.153" classname="com.kaplan.Test.ParameterizeTest"/>
</testsuite> <!-- Command line test -->
