<?xml version="1.0" encoding="UTF-8"?>
<testng-results skipped="0" failed="0" total="3" passed="3">
  <reporter-output>
  </reporter-output>
  <suite name="Command line suite" duration-ms="27532" started-at="2016-05-23T01:38:16Z" finished-at="2016-05-23T01:38:43Z">
    <groups>
    </groups>
    <test name="Command line test" duration-ms="27532" started-at="2016-05-23T01:38:16Z" finished-at="2016-05-23T01:38:43Z">
      <class name="com.kaplan.Test.ParameterizeTest">
        <test-method status="PASS" signature="before()[pri:0, instance:com.kaplan.Test.ParameterizeTest@6ea2bc93]" name="before" is-config="true" duration-ms="1992" started-at="2016-05-22T21:38:16Z" finished-at="2016-05-22T21:38:18Z">
          <reporter-output>
          </reporter-output>
        </test-method> <!-- before -->
        <test-method status="PASS" signature="testarray(java.lang.String, java.lang.String, java.lang.String)[pri:0, instance:com.kaplan.Test.ParameterizeTest@6ea2bc93]" name="testarray" duration-ms="8925" started-at="2016-05-22T21:38:18Z" description="This is a data provider test" data-provider="dataAsArray" finished-at="2016-05-22T21:38:27Z">
          <params>
            <param index="0">
              <value>
                <![CDATA[kaplantestabu@gmail.com]]>
              </value>
            </param>
            <param index="1">
              <value>
                <![CDATA[9083277874]]>
              </value>
            </param>
            <param index="2">
              <value>
                <![CDATA[Aam]]>
              </value>
            </param>
          </params>
          <reporter-output>
          </reporter-output>
        </test-method> <!-- testarray -->
        <test-method status="PASS" signature="afterMethods()[pri:0, instance:com.kaplan.Test.ParameterizeTest@6ea2bc93]" name="afterMethods" is-config="true" duration-ms="136" started-at="2016-05-22T21:38:27Z" finished-at="2016-05-22T21:38:27Z">
          <reporter-output>
          </reporter-output>
        </test-method> <!-- afterMethods -->
        <test-method status="PASS" signature="before()[pri:0, instance:com.kaplan.Test.ParameterizeTest@6ea2bc93]" name="before" is-config="true" duration-ms="1986" started-at="2016-05-22T21:38:27Z" finished-at="2016-05-22T21:38:29Z">
          <reporter-output>
          </reporter-output>
        </test-method> <!-- before -->
        <test-method status="PASS" signature="testarray(java.lang.String, java.lang.String, java.lang.String)[pri:0, instance:com.kaplan.Test.ParameterizeTest@6ea2bc93]" name="testarray" duration-ms="6616" started-at="2016-05-22T21:38:29Z" description="This is a data provider test" data-provider="dataAsArray" finished-at="2016-05-22T21:38:35Z">
          <params>
            <param index="0">
              <value>
                <![CDATA[kaplantestabu@gmail.com]]>
              </value>
            </param>
            <param index="1">
              <value>
                <![CDATA[9083277874]]>
              </value>
            </param>
            <param index="2">
              <value>
                <![CDATA[Aam]]>
              </value>
            </param>
          </params>
          <reporter-output>
          </reporter-output>
        </test-method> <!-- testarray -->
        <test-method status="PASS" signature="afterMethods()[pri:0, instance:com.kaplan.Test.ParameterizeTest@6ea2bc93]" name="afterMethods" is-config="true" duration-ms="131" started-at="2016-05-22T21:38:35Z" finished-at="2016-05-22T21:38:35Z">
          <reporter-output>
          </reporter-output>
        </test-method> <!-- afterMethods -->
        <test-method status="PASS" signature="before()[pri:0, instance:com.kaplan.Test.ParameterizeTest@6ea2bc93]" name="before" is-config="true" duration-ms="1998" started-at="2016-05-22T21:38:35Z" finished-at="2016-05-22T21:38:37Z">
          <reporter-output>
          </reporter-output>
        </test-method> <!-- before -->
        <test-method status="PASS" signature="testexel(java.lang.String, java.lang.String, java.lang.String)[pri:0, instance:com.kaplan.Test.ParameterizeTest@6ea2bc93]" name="testexel" duration-ms="5523" started-at="2016-05-22T21:38:37Z" description="This is a data provider test" data-provider="dataAsExcel" finished-at="2016-05-22T21:38:43Z">
          <params>
            <param index="0">
              <value>
                <![CDATA[kaplantestabu@gmail.com]]>
              </value>
            </param>
            <param index="1">
              <value>
                <![CDATA[9083277874]]>
              </value>
            </param>
            <param index="2">
              <value>
                <![CDATA[Aam]]>
              </value>
            </param>
          </params>
          <reporter-output>
          </reporter-output>
        </test-method> <!-- testexel -->
        <test-method status="PASS" signature="afterMethods()[pri:0, instance:com.kaplan.Test.ParameterizeTest@6ea2bc93]" name="afterMethods" is-config="true" duration-ms="127" started-at="2016-05-22T21:38:43Z" finished-at="2016-05-22T21:38:43Z">
          <reporter-output>
          </reporter-output>
        </test-method> <!-- afterMethods -->
      </class> <!-- com.kaplan.Test.ParameterizeTest -->
    </test> <!-- Command line test -->
  </suite> <!-- Command line suite -->
</testng-results>
