<?xml version="1.0" encoding="UTF-8"?>
<!-- Generated by org.testng.reporters.JUnitXMLReporter -->
<testsuite hostname="Aams-MacBook-Pro-2.local" name="Command line test" tests="1" failures="0" timestamp="22 May 2016 21:49:32 GMT" time="0.003" errors="0">
  <testcase name="@BeforeTest setup" time="0.0" classname="com.kaplan.Test.VerifyTest">
    <failure type="atu.testrecorder.exceptions.ATUTestRecorderException">
      <![CDATA[[ATU Test Recorder Exception] Directory "Users/wasey/Documents/DevTools/InterviewPrep/KaplanTestPrep/Testvideooutput" does not exist.
	at atu.testrecorder.ATUTestRecorder.<init>(ATUTestRecorder.java:184)
	at com.kaplan.pomframework.ScriptBase.setup(ScriptBase.java:37)
	at org.infinitest.testrunner.JUnit4Runner.runTestNGTest(JUnit4Runner.java:83)
	at org.infinitest.testrunner.JUnit4Runner.runTest(JUnit4Runner.java:63)
	at org.infinitest.testrunner.TestRunnerProcess.runTest(TestRunnerProcess.java:70)
	at org.infinitest.testrunner.TestRunnerProcess.writeTestResultToOutputStream(TestRunnerProcess.java:112)
	at org.infinitest.testrunner.TestRunnerProcess.main(TestRunnerProcess.java:89)
... Removed 19 stack frames]]>
    </failure>
  </testcase> <!-- @BeforeTest setup -->
  <testcase name="@BeforeMethod before" time="0.0" classname="com.kaplan.Test.VerifyTest">
    <skipped/>
  </testcase> <!-- @BeforeMethod before -->
  <testcase name="@AfterMethod afterMethods" time="0.0" classname="com.kaplan.Test.VerifyTest">
    <skipped/>
  </testcase> <!-- @AfterMethod afterMethods -->
  <testcase name="@AfterTest Close" time="0.0" classname="com.kaplan.Test.VerifyTest">
    <skipped/>
  </testcase> <!-- @AfterTest Close -->
  <testcase name="Verifyemail" time="0.0" classname="com.kaplan.Test.VerifyTest">
    <skipped/>
  </testcase> <!-- Verifyemail -->
</testsuite> <!-- Command line test -->
