<?xml version="1.0" encoding="UTF-8"?>
<!-- Generated by org.testng.reporters.JUnitXMLReporter -->
<testsuite hostname="Aams-MacBook-Pro-2.local" name="Command line test" tests="12" failures="0" timestamp="22 May 2016 07:21:48 GMT" time="70.711" errors="0">
  <testcase name="testarray" time="3.876" classname="com.kaplan.Test.ParameterizeTest"/>
  <testcase name="testarray" time="3.632" classname="com.kaplan.Test.ParameterizeTest"/>
  <testcase name="testarray" time="3.576" classname="com.kaplan.Test.ParameterizeTest"/>
  <testcase name="testexel" time="3.626" classname="com.kaplan.Test.ParameterizeTest"/>
  <testcase name="testexel" time="3.743" classname="com.kaplan.Test.ParameterizeTest"/>
  <testcase name="testexel" time="4.014" classname="com.kaplan.Test.ParameterizeTest"/>
  <testcase name="testexel" time="3.575" classname="com.kaplan.Test.ParameterizeTest"/>
  <testcase name="testexel" time="3.499" classname="com.kaplan.Test.ParameterizeTest"/>
  <testcase name="testexel" time="3.662" classname="com.kaplan.Test.ParameterizeTest"/>
  <testcase name="testexel" time="3.589" classname="com.kaplan.Test.ParameterizeTest"/>
  <testcase name="testexel" time="3.975" classname="com.kaplan.Test.ParameterizeTest"/>
  <testcase name="testexel" time="3.752" classname="com.kaplan.Test.ParameterizeTest"/>
</testsuite> <!-- Command line test -->
