<?xml version="1.0" encoding="UTF-8"?>
<!-- Generated by org.testng.reporters.JUnitXMLReporter -->
<testsuite hostname="Aams-MacBook-Pro-2.local" name="Default test" tests="12" failures="0" timestamp="22 May 2016 07:03:39 GMT" time="81.908" errors="0">
  <testcase name="testarray" time="3.834" classname="com.kaplan.Test.ParameterizeTest"/>
  <testcase name="testarray" time="3.864" classname="com.kaplan.Test.ParameterizeTest"/>
  <testcase name="testarray" time="4.43" classname="com.kaplan.Test.ParameterizeTest"/>
  <testcase name="testexel" time="3.64" classname="com.kaplan.Test.ParameterizeTest"/>
  <testcase name="testexel" time="3.677" classname="com.kaplan.Test.ParameterizeTest"/>
  <testcase name="testexel" time="4.265" classname="com.kaplan.Test.ParameterizeTest"/>
  <testcase name="testexel" time="3.823" classname="com.kaplan.Test.ParameterizeTest"/>
  <testcase name="testexel" time="3.882" classname="com.kaplan.Test.ParameterizeTest"/>
  <testcase name="testexel" time="3.798" classname="com.kaplan.Test.ParameterizeTest"/>
  <testcase name="testexel" time="4.028" classname="com.kaplan.Test.ParameterizeTest"/>
  <testcase name="testexel" time="3.767" classname="com.kaplan.Test.ParameterizeTest"/>
  <testcase name="testexel" time="3.761" classname="com.kaplan.Test.ParameterizeTest"/>
</testsuite> <!-- Default test -->
