<?xml version="1.0" encoding="UTF-8"?>
<testng-results skipped="0" failed="0" total="6" passed="6">
  <reporter-output>
  </reporter-output>
  <suite name="Command line suite" duration-ms="36497" started-at="2016-05-22T18:22:53Z" finished-at="2016-05-22T18:23:29Z">
    <groups>
    </groups>
    <test name="Command line test" duration-ms="36497" started-at="2016-05-22T18:22:53Z" finished-at="2016-05-22T18:23:29Z">
      <class name="com.kaplan.Test.ParameterizeTest">
        <test-method status="PASS" signature="before()[pri:0, instance:com.kaplan.Test.ParameterizeTest@5afa04c]" name="before" is-config="true" duration-ms="1915" started-at="2016-05-22T14:23:04Z" finished-at="2016-05-22T14:23:06Z">
          <reporter-output>
          </reporter-output>
        </test-method> <!-- before -->
        <test-method status="PASS" signature="testarray(java.lang.String, java.lang.String, java.lang.String)[pri:0, instance:com.kaplan.Test.ParameterizeTest@5afa04c]" name="testarray" duration-ms="3905" started-at="2016-05-22T14:23:06Z" description="This is a data provider test" data-provider="dataAsArray" finished-at="2016-05-22T14:23:10Z">
          <params>
            <param index="0">
              <value>
                <![CDATA[kaplantestabu@gmail.com]]>
              </value>
            </param>
            <param index="1">
              <value>
                <![CDATA[9083277874]]>
              </value>
            </param>
            <param index="2">
              <value>
                <![CDATA[Aam]]>
              </value>
            </param>
          </params>
          <reporter-output>
          </reporter-output>
        </test-method> <!-- testarray -->
        <test-method status="PASS" signature="afterMethods()[pri:0, instance:com.kaplan.Test.ParameterizeTest@5afa04c]" name="afterMethods" is-config="true" duration-ms="144" started-at="2016-05-22T14:23:10Z" finished-at="2016-05-22T14:23:10Z">
          <reporter-output>
          </reporter-output>
        </test-method> <!-- afterMethods -->
        <test-method status="PASS" signature="before()[pri:0, instance:com.kaplan.Test.ParameterizeTest@5afa04c]" name="before" is-config="true" duration-ms="1885" started-at="2016-05-22T14:23:10Z" finished-at="2016-05-22T14:23:12Z">
          <reporter-output>
          </reporter-output>
        </test-method> <!-- before -->
        <test-method status="PASS" signature="testarray(java.lang.String, java.lang.String, java.lang.String)[pri:0, instance:com.kaplan.Test.ParameterizeTest@5afa04c]" name="testarray" duration-ms="3689" started-at="2016-05-22T14:23:12Z" description="This is a data provider test" data-provider="dataAsArray" finished-at="2016-05-22T14:23:15Z">
          <params>
            <param index="0">
              <value>
                <![CDATA[kaplantestabu@gmail.com]]>
              </value>
            </param>
            <param index="1">
              <value>
                <![CDATA[9083277874]]>
              </value>
            </param>
            <param index="2">
              <value>
                <![CDATA[Aam]]>
              </value>
            </param>
          </params>
          <reporter-output>
          </reporter-output>
        </test-method> <!-- testarray -->
        <test-method status="PASS" signature="afterMethods()[pri:0, instance:com.kaplan.Test.ParameterizeTest@5afa04c]" name="afterMethods" is-config="true" duration-ms="182" started-at="2016-05-22T14:23:15Z" finished-at="2016-05-22T14:23:16Z">
          <reporter-output>
          </reporter-output>
        </test-method> <!-- afterMethods -->
        <test-method status="PASS" signature="before()[pri:0, instance:com.kaplan.Test.ParameterizeTest@5afa04c]" name="before" is-config="true" duration-ms="1913" started-at="2016-05-22T14:23:16Z" finished-at="2016-05-22T14:23:18Z">
          <reporter-output>
          </reporter-output>
        </test-method> <!-- before -->
        <test-method status="PASS" signature="testexel(java.lang.String, java.lang.String, java.lang.String)[pri:0, instance:com.kaplan.Test.ParameterizeTest@5afa04c]" name="testexel" duration-ms="4147" started-at="2016-05-22T14:23:18Z" description="This is a data provider test" data-provider="dataAsExcel" finished-at="2016-05-22T14:23:22Z">
          <params>
            <param index="0">
              <value>
                <![CDATA[kaplantestabu@gmail.com]]>
              </value>
            </param>
            <param index="1">
              <value>
                <![CDATA[9083277874]]>
              </value>
            </param>
            <param index="2">
              <value>
                <![CDATA[Aam]]>
              </value>
            </param>
          </params>
          <reporter-output>
          </reporter-output>
        </test-method> <!-- testexel -->
        <test-method status="PASS" signature="afterMethods()[pri:0, instance:com.kaplan.Test.ParameterizeTest@5afa04c]" name="afterMethods" is-config="true" duration-ms="142" started-at="2016-05-22T14:23:22Z" finished-at="2016-05-22T14:23:22Z">
          <reporter-output>
          </reporter-output>
        </test-method> <!-- afterMethods -->
      </class> <!-- com.kaplan.Test.ParameterizeTest -->
      <class name="com.kaplan.Test.VerifyTest">
        <test-method status="PASS" signature="before()[pri:0, instance:com.kaplan.Test.VerifyTest@6ea12c19]" name="before" is-config="true" duration-ms="1894" started-at="2016-05-22T14:23:22Z" finished-at="2016-05-22T14:23:24Z">
          <reporter-output>
          </reporter-output>
        </test-method> <!-- before -->
        <test-method status="PASS" signature="Verifyemail()[pri:0, instance:com.kaplan.Test.VerifyTest@6ea12c19]" name="Verifyemail" duration-ms="5362" started-at="2016-05-22T14:23:24Z" finished-at="2016-05-22T14:23:29Z">
          <reporter-output>
          </reporter-output>
        </test-method> <!-- Verifyemail -->
        <test-method status="PASS" signature="afterMethods()[pri:0, instance:com.kaplan.Test.VerifyTest@6ea12c19]" name="afterMethods" is-config="true" duration-ms="235" started-at="2016-05-22T14:23:29Z" finished-at="2016-05-22T14:23:29Z">
          <reporter-output>
          </reporter-output>
        </test-method> <!-- afterMethods -->
      </class> <!-- com.kaplan.Test.VerifyTest -->
      <class name="com.kaplan.Test.GmailLoginTest">
        <test-method status="PASS" signature="before()[pri:0, instance:com.kaplan.Test.GmailLoginTest@458ad742]" name="before" is-config="true" duration-ms="2416" started-at="2016-05-22T14:22:53Z" finished-at="2016-05-22T14:22:55Z">
          <reporter-output>
          </reporter-output>
        </test-method> <!-- before -->
        <test-method status="PASS" signature="Homepage()[pri:0, instance:com.kaplan.Test.GmailLoginTest@458ad742]" name="Homepage" duration-ms="863" started-at="2016-05-22T14:22:55Z" finished-at="2016-05-22T14:22:56Z">
          <reporter-output>
          </reporter-output>
        </test-method> <!-- Homepage -->
        <test-method status="PASS" signature="afterMethods()[pri:0, instance:com.kaplan.Test.GmailLoginTest@458ad742]" name="afterMethods" is-config="true" duration-ms="74" started-at="2016-05-22T14:22:56Z" finished-at="2016-05-22T14:22:56Z">
          <reporter-output>
          </reporter-output>
        </test-method> <!-- afterMethods -->
        <test-method status="PASS" signature="before()[pri:0, instance:com.kaplan.Test.GmailLoginTest@458ad742]" name="before" is-config="true" duration-ms="1933" started-at="2016-05-22T14:22:56Z" finished-at="2016-05-22T14:22:58Z">
          <reporter-output>
          </reporter-output>
        </test-method> <!-- before -->
        <test-method status="PASS" signature="Login()[pri:0, instance:com.kaplan.Test.GmailLoginTest@458ad742]" name="Login" duration-ms="5603" started-at="2016-05-22T14:22:58Z" finished-at="2016-05-22T14:23:04Z">
          <reporter-output>
          </reporter-output>
        </test-method> <!-- Login -->
        <test-method status="PASS" signature="afterMethods()[pri:0, instance:com.kaplan.Test.GmailLoginTest@458ad742]" name="afterMethods" is-config="true" duration-ms="80" started-at="2016-05-22T14:23:04Z" finished-at="2016-05-22T14:23:04Z">
          <reporter-output>
          </reporter-output>
        </test-method> <!-- afterMethods -->
      </class> <!-- com.kaplan.Test.GmailLoginTest -->
    </test> <!-- Command line test -->
  </suite> <!-- Command line suite -->
</testng-results>
